<?xml version="1.0" encoding="UTF-8"?>
<testsuite name="org.flavio.pl0.SymbolTypeTest" tests="1" skipped="0" failures="0" errors="0" timestamp="2015-09-20T15:29:09" hostname="foliveri-virtual-machine" time="0.002">
  <properties/>
  <testcase name="testMatch" classname="org.flavio.pl0.SymbolTypeTest" time="0.002"/>
  <system-out><![CDATA[]]></system-out>
  <system-err><![CDATA[]]></system-err>
</testsuite>
